<?xml version="1.0" encoding="UTF-8"?>
<!-- Generated by org.testng.reporters.JUnitXMLReporter -->
<testsuite ignored="0" hostname="DESKTOP-9BKL3RL" failures="0" tests="4" name="SignUp" time="58.502" errors="0" timestamp="2024-03-02T16:53:04 EET">
  <testcase classname="SignUpTests" name="SignupClicking" time="6.732"/>
  <testcase classname="SignUpTests" name="SignUpFromJson" time="9.424"/>
  <testcase classname="SignUpTests" name="Continue" time="12.614"/>
  <testcase classname="SignUpTests" name="SignOut" time="7.255"/>
</testsuite> <!-- SignUp -->
