<?xml version="1.0" encoding="UTF-8"?>
<testng-results ignored="0" total="4" passed="4" failed="0" skipped="0">
  <reporter-output>
  </reporter-output>
  <suite started-at="2024-03-02T16:52:05 EET" name="Default Suite" finished-at="2024-03-02T16:53:04 EET" duration-ms="58502">
    <groups>
    </groups>
    <test started-at="2024-03-02T16:52:05 EET" name="SignUp" finished-at="2024-03-02T16:53:04 EET" duration-ms="58502">
      <class name="SignUpTests">
        <test-method is-config="true" signature="SetUp()[pri:0, instance:SignUpTests@635eaaf1]" started-at="2024-03-02T16:52:01 EET" name="SetUp" finished-at="2024-03-02T16:52:05 EET" duration-ms="3504" status="PASS">
          <reporter-output>
          </reporter-output>
        </test-method> <!-- SetUp -->
        <test-method is-config="true" signature="NavigateHomePage()[pri:0, instance:SignUpTests@635eaaf1]" started-at="2024-03-02T16:52:05 EET" name="NavigateHomePage" finished-at="2024-03-02T16:52:27 EET" duration-ms="22399" status="PASS">
          <reporter-output>
          </reporter-output>
        </test-method> <!-- NavigateHomePage -->
        <test-method signature="SignupClicking()[pri:1, instance:SignUpTests@635eaaf1]" started-at="2024-03-02T16:52:27 EET" name="SignupClicking" finished-at="2024-03-02T16:52:34 EET" duration-ms="6732" status="PASS">
          <reporter-output>
          </reporter-output>
        </test-method> <!-- SignupClicking -->
        <test-method signature="SignUpFromJson()[pri:2, instance:SignUpTests@635eaaf1]" started-at="2024-03-02T16:52:34 EET" name="SignUpFromJson" finished-at="2024-03-02T16:52:44 EET" duration-ms="9424" status="PASS">
          <reporter-output>
          </reporter-output>
        </test-method> <!-- SignUpFromJson -->
        <test-method signature="Continue()[pri:3, instance:SignUpTests@635eaaf1]" started-at="2024-03-02T16:52:44 EET" name="Continue" finished-at="2024-03-02T16:52:56 EET" duration-ms="12614" status="PASS">
          <reporter-output>
          </reporter-output>
        </test-method> <!-- Continue -->
        <test-method signature="SignOut()[pri:4, instance:SignUpTests@635eaaf1]" started-at="2024-03-02T16:52:56 EET" name="SignOut" finished-at="2024-03-02T16:53:04 EET" duration-ms="7255" status="PASS">
          <reporter-output>
          </reporter-output>
        </test-method> <!-- SignOut -->
      </class> <!-- SignUpTests -->
    </test> <!-- SignUp -->
  </suite> <!-- Default Suite -->
</testng-results>
